<?xml version="1.0" encoding="UTF-8"?>
<!-- Generated by org.testng.reporters.JUnitXMLReporter -->
<testsuite hostname="DESKTOP-USPQ1LK" ignored="0" name="Academy.E2Eproject" tests="2" failures="2" timestamp="2020-07-05T15:48:48 IST" time="30.502" errors="0">
  <testcase name="demo" time="16.614" classname="Academy.E2Eproject.HomePage">
    <failure type="org.openqa.selenium.SessionNotCreatedException" message="session not created
from chrome not reachable
  (Session info: chrome=83.0.4103.116)
Build info: version: &amp;apos;4.0.0-alpha-6&amp;apos;, revision: &amp;apos;5f43a29cfc&amp;apos;
System info: host: &amp;apos;DESKTOP-USPQ1LK&amp;apos;, ip: &amp;apos;192.168.100.12&amp;apos;, os.name: &amp;apos;Windows 10&amp;apos;, os.arch: &amp;apos;amd64&amp;apos;, os.version: &amp;apos;10.0&amp;apos;, java.version: &amp;apos;1.8.0_251&amp;apos;
Driver info: driver.version: ChromeDriver
remote stacktrace: Backtrace:
	Ordinal0 [0x00969563+2725219]
	Ordinal0 [0x00868551+1672529]
	Ordinal0 [0x00750202+524802]
	Ordinal0 [0x007499B2+498098]
	Ordinal0 [0x0074A09B+499867]
	Ordinal0 [0x0074AFF5+503797]
	Ordinal0 [0x00746994+485780]
	Ordinal0 [0x00750FF0+528368]
	Ordinal0 [0x006FD6C9+186057]
	Ordinal0 [0x006FCA3D+182845]
	Ordinal0 [0x006FA94B+174411]
	Ordinal0 [0x006E2528+75048]
	Ordinal0 [0x006E35A0+79264]
	Ordinal0 [0x006E3539+79161]
	Ordinal0 [0x0087D607+1758727]
	GetHandleVerifier [0x00A86546+1050150]
	GetHandleVerifier [0x00A86291+1049457]
	GetHandleVerifier [0x00A910D7+1094071]
	GetHandleVerifier [0x00A86B46+1051686]
	Ordinal0 [0x00875B06+1727238]
	Ordinal0 [0x0087EB7B+1764219]
	Ordinal0 [0x0087ECE3+1764579]
	Ordinal0 [0x00894C05+1854469]
	BaseThreadInitThunk [0x76B1F989+25]
	RtlGetAppContainerNamedObjectPath [0x77047084+228]
	RtlGetAppContainerNamedObjectPath [0x77047054+180]
">
      <![CDATA[org.openqa.selenium.SessionNotCreatedException: session not created
from chrome not reachable
  (Session info: chrome=83.0.4103.116)
Build info: version: '4.0.0-alpha-6', revision: '5f43a29cfc'
System info: host: 'DESKTOP-USPQ1LK', ip: '192.168.100.12', os.name: 'Windows 10', os.arch: 'amd64', os.version: '10.0', java.version: '1.8.0_251'
Driver info: driver.version: ChromeDriver
remote stacktrace: Backtrace:
Ordinal0 [0x00969563+2725219]
Ordinal0 [0x00868551+1672529]
Ordinal0 [0x00750202+524802]
Ordinal0 [0x007499B2+498098]
Ordinal0 [0x0074A09B+499867]
Ordinal0 [0x0074AFF5+503797]
Ordinal0 [0x00746994+485780]
Ordinal0 [0x00750FF0+528368]
Ordinal0 [0x006FD6C9+186057]
Ordinal0 [0x006FCA3D+182845]
Ordinal0 [0x006FA94B+174411]
Ordinal0 [0x006E2528+75048]
Ordinal0 [0x006E35A0+79264]
Ordinal0 [0x006E3539+79161]
Ordinal0 [0x0087D607+1758727]
GetHandleVerifier [0x00A86546+1050150]
GetHandleVerifier [0x00A86291+1049457]
GetHandleVerifier [0x00A910D7+1094071]
GetHandleVerifier [0x00A86B46+1051686]
Ordinal0 [0x00875B06+1727238]
Ordinal0 [0x0087EB7B+1764219]
Ordinal0 [0x0087ECE3+1764579]
Ordinal0 [0x00894C05+1854469]
BaseThreadInitThunk [0x76B1F989+25]
RtlGetAppContainerNamedObjectPath [0x77047084+228]
RtlGetAppContainerNamedObjectPath [0x77047054+180]

at sun.reflect.NativeConstructorAccessorImpl.newInstance0(Native Method)
at sun.reflect.NativeConstructorAccessorImpl.newInstance(NativeConstructorAccessorImpl.java:62)
at sun.reflect.DelegatingConstructorAccessorImpl.newInstance(DelegatingConstructorAccessorImpl.java:45)
at java.lang.reflect.Constructor.newInstance(Constructor.java:423)
at org.openqa.selenium.remote.W3CHandshakeResponse.lambda$errorHandler$0(W3CHandshakeResponse.java:62)
at org.openqa.selenium.remote.HandshakeResponse.lambda$getResponseFunction$0(HandshakeResponse.java:30)
at org.openqa.selenium.remote.ProtocolHandshake.lambda$createSession$1(ProtocolHandshake.java:126)
at java.util.stream.ReferencePipeline$3$1.accept(ReferencePipeline.java:193)
at java.util.Spliterators$ArraySpliterator.tryAdvance(Spliterators.java:958)
at java.util.stream.ReferencePipeline.forEachWithCancel(ReferencePipeline.java:126)
at java.util.stream.AbstractPipeline.copyIntoWithCancel(AbstractPipeline.java:499)
at java.util.stream.AbstractPipeline.copyInto(AbstractPipeline.java:486)
at java.util.stream.AbstractPipeline.wrapAndCopyInto(AbstractPipeline.java:472)
at java.util.stream.FindOps$FindOp.evaluateSequential(FindOps.java:152)
at java.util.stream.AbstractPipeline.evaluate(AbstractPipeline.java:234)
at java.util.stream.ReferencePipeline.findFirst(ReferencePipeline.java:464)
at org.openqa.selenium.remote.ProtocolHandshake.createSession(ProtocolHandshake.java:128)
at org.openqa.selenium.remote.ProtocolHandshake.createSession(ProtocolHandshake.java:75)
at org.openqa.selenium.remote.HttpCommandExecutor.execute(HttpCommandExecutor.java:138)
at org.openqa.selenium.remote.service.DriverCommandExecutor.execute(DriverCommandExecutor.java:83)
at org.openqa.selenium.remote.RemoteWebDriver.execute(RemoteWebDriver.java:582)
at org.openqa.selenium.remote.RemoteWebDriver.startSession(RemoteWebDriver.java:216)
at org.openqa.selenium.remote.RemoteWebDriver.<init>(RemoteWebDriver.java:136)
at org.openqa.selenium.chromium.ChromiumDriver.<init>(ChromiumDriver.java:75)
at org.openqa.selenium.chrome.ChromeDriver.<init>(ChromeDriver.java:163)
at org.openqa.selenium.chrome.ChromeDriver.<init>(ChromeDriver.java:150)
at org.openqa.selenium.chrome.ChromeDriver.<init>(ChromeDriver.java:105)
at resources.base.InitializeDriver(base.java:26)
at Academy.E2Eproject.HomePage.demo(HomePage.java:16)
at sun.reflect.NativeMethodAccessorImpl.invoke0(Native Method)
at sun.reflect.NativeMethodAccessorImpl.invoke(NativeMethodAccessorImpl.java:62)
at sun.reflect.DelegatingMethodAccessorImpl.invoke(DelegatingMethodAccessorImpl.java:43)
at java.lang.reflect.Method.invoke(Method.java:498)
at org.testng.internal.MethodInvocationHelper.invokeMethod(MethodInvocationHelper.java:134)
at org.testng.internal.TestInvoker.invokeMethod(TestInvoker.java:597)
at org.testng.internal.TestInvoker.invokeTestMethod(TestInvoker.java:173)
at org.testng.internal.MethodRunner.runInSequence(MethodRunner.java:46)
at org.testng.internal.TestInvoker$MethodInvocationAgent.invoke(TestInvoker.java:816)
at org.testng.internal.TestInvoker.invokeTestMethods(TestInvoker.java:146)
at org.testng.internal.TestMethodWorker.invokeTestMethods(TestMethodWorker.java:146)
at org.testng.internal.TestMethodWorker.run(TestMethodWorker.java:128)
at java.util.ArrayList.forEach(ArrayList.java:1257)
at org.testng.TestRunner.privateRun(TestRunner.java:766)
at org.testng.TestRunner.run(TestRunner.java:587)
at org.testng.SuiteRunner.runTest(SuiteRunner.java:384)
at org.testng.SuiteRunner.runSequentially(SuiteRunner.java:378)
at org.testng.SuiteRunner.privateRun(SuiteRunner.java:337)
at org.testng.SuiteRunner.run(SuiteRunner.java:286)
at org.testng.SuiteRunnerWorker.runSuite(SuiteRunnerWorker.java:53)
at org.testng.SuiteRunnerWorker.run(SuiteRunnerWorker.java:96)
at org.testng.TestNG.runSuitesSequentially(TestNG.java:1187)
at org.testng.TestNG.runSuitesLocally(TestNG.java:1109)
at org.testng.TestNG.runSuites(TestNG.java:1039)
at org.testng.TestNG.run(TestNG.java:1007)
at org.testng.remote.AbstractRemoteTestNG.run(AbstractRemoteTestNG.java:115)
at org.testng.remote.RemoteTestNG.initAndRun(RemoteTestNG.java:251)
at org.testng.remote.RemoteTestNG.main(RemoteTestNG.java:77)
]]>
    </failure>
  </testcase> <!-- demo -->
  <testcase name="demo" time="13.786" classname="Academy.E2Eproject.HomePage">
    <failure type="org.openqa.selenium.SessionNotCreatedException" message="session not created
from chrome not reachable
  (Session info: chrome=83.0.4103.116)
Build info: version: &amp;apos;4.0.0-alpha-6&amp;apos;, revision: &amp;apos;5f43a29cfc&amp;apos;
System info: host: &amp;apos;DESKTOP-USPQ1LK&amp;apos;, ip: &amp;apos;192.168.100.12&amp;apos;, os.name: &amp;apos;Windows 10&amp;apos;, os.arch: &amp;apos;amd64&amp;apos;, os.version: &amp;apos;10.0&amp;apos;, java.version: &amp;apos;1.8.0_251&amp;apos;
Driver info: driver.version: ChromeDriver
remote stacktrace: Backtrace:
	Ordinal0 [0x00969563+2725219]
	Ordinal0 [0x00868551+1672529]
	Ordinal0 [0x00750202+524802]
	Ordinal0 [0x007499B2+498098]
	Ordinal0 [0x0074A09B+499867]
	Ordinal0 [0x0074AFF5+503797]
	Ordinal0 [0x00746994+485780]
	Ordinal0 [0x00750FF0+528368]
	Ordinal0 [0x006FD6C9+186057]
	Ordinal0 [0x006FCA3D+182845]
	Ordinal0 [0x006FA94B+174411]
	Ordinal0 [0x006E2528+75048]
	Ordinal0 [0x006E35A0+79264]
	Ordinal0 [0x006E3539+79161]
	Ordinal0 [0x0087D607+1758727]
	GetHandleVerifier [0x00A86546+1050150]
	GetHandleVerifier [0x00A86291+1049457]
	GetHandleVerifier [0x00A910D7+1094071]
	GetHandleVerifier [0x00A86B46+1051686]
	Ordinal0 [0x00875B06+1727238]
	Ordinal0 [0x0087EB7B+1764219]
	Ordinal0 [0x0087ECE3+1764579]
	Ordinal0 [0x00894C05+1854469]
	BaseThreadInitThunk [0x76B1F989+25]
	RtlGetAppContainerNamedObjectPath [0x77047084+228]
	RtlGetAppContainerNamedObjectPath [0x77047054+180]
">
      <![CDATA[org.openqa.selenium.SessionNotCreatedException: session not created
from chrome not reachable
  (Session info: chrome=83.0.4103.116)
Build info: version: '4.0.0-alpha-6', revision: '5f43a29cfc'
System info: host: 'DESKTOP-USPQ1LK', ip: '192.168.100.12', os.name: 'Windows 10', os.arch: 'amd64', os.version: '10.0', java.version: '1.8.0_251'
Driver info: driver.version: ChromeDriver
remote stacktrace: Backtrace:
Ordinal0 [0x00969563+2725219]
Ordinal0 [0x00868551+1672529]
Ordinal0 [0x00750202+524802]
Ordinal0 [0x007499B2+498098]
Ordinal0 [0x0074A09B+499867]
Ordinal0 [0x0074AFF5+503797]
Ordinal0 [0x00746994+485780]
Ordinal0 [0x00750FF0+528368]
Ordinal0 [0x006FD6C9+186057]
Ordinal0 [0x006FCA3D+182845]
Ordinal0 [0x006FA94B+174411]
Ordinal0 [0x006E2528+75048]
Ordinal0 [0x006E35A0+79264]
Ordinal0 [0x006E3539+79161]
Ordinal0 [0x0087D607+1758727]
GetHandleVerifier [0x00A86546+1050150]
GetHandleVerifier [0x00A86291+1049457]
GetHandleVerifier [0x00A910D7+1094071]
GetHandleVerifier [0x00A86B46+1051686]
Ordinal0 [0x00875B06+1727238]
Ordinal0 [0x0087EB7B+1764219]
Ordinal0 [0x0087ECE3+1764579]
Ordinal0 [0x00894C05+1854469]
BaseThreadInitThunk [0x76B1F989+25]
RtlGetAppContainerNamedObjectPath [0x77047084+228]
RtlGetAppContainerNamedObjectPath [0x77047054+180]

at sun.reflect.NativeConstructorAccessorImpl.newInstance0(Native Method)
at sun.reflect.NativeConstructorAccessorImpl.newInstance(NativeConstructorAccessorImpl.java:62)
at sun.reflect.DelegatingConstructorAccessorImpl.newInstance(DelegatingConstructorAccessorImpl.java:45)
at java.lang.reflect.Constructor.newInstance(Constructor.java:423)
at org.openqa.selenium.remote.W3CHandshakeResponse.lambda$errorHandler$0(W3CHandshakeResponse.java:62)
at org.openqa.selenium.remote.HandshakeResponse.lambda$getResponseFunction$0(HandshakeResponse.java:30)
at org.openqa.selenium.remote.ProtocolHandshake.lambda$createSession$1(ProtocolHandshake.java:126)
at java.util.stream.ReferencePipeline$3$1.accept(ReferencePipeline.java:193)
at java.util.Spliterators$ArraySpliterator.tryAdvance(Spliterators.java:958)
at java.util.stream.ReferencePipeline.forEachWithCancel(ReferencePipeline.java:126)
at java.util.stream.AbstractPipeline.copyIntoWithCancel(AbstractPipeline.java:499)
at java.util.stream.AbstractPipeline.copyInto(AbstractPipeline.java:486)
at java.util.stream.AbstractPipeline.wrapAndCopyInto(AbstractPipeline.java:472)
at java.util.stream.FindOps$FindOp.evaluateSequential(FindOps.java:152)
at java.util.stream.AbstractPipeline.evaluate(AbstractPipeline.java:234)
at java.util.stream.ReferencePipeline.findFirst(ReferencePipeline.java:464)
at org.openqa.selenium.remote.ProtocolHandshake.createSession(ProtocolHandshake.java:128)
at org.openqa.selenium.remote.ProtocolHandshake.createSession(ProtocolHandshake.java:75)
at org.openqa.selenium.remote.HttpCommandExecutor.execute(HttpCommandExecutor.java:138)
at org.openqa.selenium.remote.service.DriverCommandExecutor.execute(DriverCommandExecutor.java:83)
at org.openqa.selenium.remote.RemoteWebDriver.execute(RemoteWebDriver.java:582)
at org.openqa.selenium.remote.RemoteWebDriver.startSession(RemoteWebDriver.java:216)
at org.openqa.selenium.remote.RemoteWebDriver.<init>(RemoteWebDriver.java:136)
at org.openqa.selenium.chromium.ChromiumDriver.<init>(ChromiumDriver.java:75)
at org.openqa.selenium.chrome.ChromeDriver.<init>(ChromeDriver.java:163)
at org.openqa.selenium.chrome.ChromeDriver.<init>(ChromeDriver.java:150)
at org.openqa.selenium.chrome.ChromeDriver.<init>(ChromeDriver.java:105)
at resources.base.InitializeDriver(base.java:26)
at Academy.E2Eproject.HomePage.demo(HomePage.java:16)
at sun.reflect.NativeMethodAccessorImpl.invoke0(Native Method)
at sun.reflect.NativeMethodAccessorImpl.invoke(NativeMethodAccessorImpl.java:62)
at sun.reflect.DelegatingMethodAccessorImpl.invoke(DelegatingMethodAccessorImpl.java:43)
at java.lang.reflect.Method.invoke(Method.java:498)
at org.testng.internal.MethodInvocationHelper.invokeMethod(MethodInvocationHelper.java:134)
at org.testng.internal.TestInvoker.invokeMethod(TestInvoker.java:597)
at org.testng.internal.TestInvoker.invokeTestMethod(TestInvoker.java:173)
at org.testng.internal.MethodRunner.runInSequence(MethodRunner.java:46)
at org.testng.internal.TestInvoker$MethodInvocationAgent.invoke(TestInvoker.java:816)
at org.testng.internal.TestInvoker.invokeTestMethods(TestInvoker.java:146)
at org.testng.internal.TestMethodWorker.invokeTestMethods(TestMethodWorker.java:146)
at org.testng.internal.TestMethodWorker.run(TestMethodWorker.java:128)
at java.util.ArrayList.forEach(ArrayList.java:1257)
at org.testng.TestRunner.privateRun(TestRunner.java:766)
at org.testng.TestRunner.run(TestRunner.java:587)
at org.testng.SuiteRunner.runTest(SuiteRunner.java:384)
at org.testng.SuiteRunner.runSequentially(SuiteRunner.java:378)
at org.testng.SuiteRunner.privateRun(SuiteRunner.java:337)
at org.testng.SuiteRunner.run(SuiteRunner.java:286)
at org.testng.SuiteRunnerWorker.runSuite(SuiteRunnerWorker.java:53)
at org.testng.SuiteRunnerWorker.run(SuiteRunnerWorker.java:96)
at org.testng.TestNG.runSuitesSequentially(TestNG.java:1187)
at org.testng.TestNG.runSuitesLocally(TestNG.java:1109)
at org.testng.TestNG.runSuites(TestNG.java:1039)
at org.testng.TestNG.run(TestNG.java:1007)
at org.testng.remote.AbstractRemoteTestNG.run(AbstractRemoteTestNG.java:115)
at org.testng.remote.RemoteTestNG.initAndRun(RemoteTestNG.java:251)
at org.testng.remote.RemoteTestNG.main(RemoteTestNG.java:77)
]]>
    </failure>
  </testcase> <!-- demo -->
</testsuite> <!-- Academy.E2Eproject -->
